<?xml version="1.0" encoding="UTF-8"?>
<coverage generated="1737104027329" clover="3.2.0">
  <project timestamp="1737104027329" name="All files">
    <metrics statements="37" coveredstatements="37" conditionals="33" coveredconditionals="33" methods="11" coveredmethods="11" elements="81" coveredelements="81" complexity="0" loc="37" ncloc="37" packages="1" files="1" classes="1"/>
    <file name="index.js" path="/home/yanch/hexlet-trees/src/index.js">
      <metrics statements="37" coveredstatements="37" conditionals="33" coveredconditionals="33" methods="11" coveredmethods="11"/>
      <line num="5" count="3" type="stmt"/>
      <line num="6" count="5" type="cond" truecount="2" falsecount="0"/>
      <line num="7" count="1" type="stmt"/>
      <line num="8" count="15" type="stmt"/>
      <line num="11" count="3" type="cond" truecount="2" falsecount="0"/>
      <line num="12" count="71" type="cond" truecount="4" falsecount="0"/>
      <line num="13" count="8" type="stmt"/>
      <line num="14" count="63" type="cond" truecount="2" falsecount="0"/>
      <line num="15" count="62" type="cond" truecount="4" falsecount="0"/>
      <line num="16" count="2" type="stmt"/>
      <line num="17" count="60" type="stmt"/>
      <line num="19" count="3" type="cond" truecount="1" falsecount="0"/>
      <line num="20" count="84" type="cond" truecount="4" falsecount="0"/>
      <line num="21" count="5" type="stmt"/>
      <line num="22" count="79" type="cond" truecount="4" falsecount="0"/>
      <line num="23" count="2" type="stmt"/>
      <line num="24" count="77" type="stmt"/>
      <line num="26" count="8" type="stmt"/>
      <line num="27" count="7" type="stmt"/>
      <line num="28" count="24" type="stmt"/>
      <line num="29" count="7" type="stmt"/>
      <line num="30" count="15" type="stmt"/>
      <line num="31" count="3" type="stmt"/>
      <line num="49" count="3" type="stmt"/>
      <line num="56" count="3" type="stmt"/>
      <line num="68" count="3" type="stmt"/>
      <line num="69" count="7" type="cond" truecount="4" falsecount="0"/>
      <line num="70" count="2" type="stmt"/>
      <line num="71" count="5" type="stmt"/>
      <line num="72" count="5" type="stmt"/>
      <line num="73" count="13" type="cond" truecount="4" falsecount="0"/>
      <line num="74" count="8" type="stmt"/>
      <line num="75" count="8" type="stmt"/>
      <line num="78" count="5" type="cond" truecount="2" falsecount="0"/>
      <line num="79" count="2" type="stmt"/>
      <line num="81" count="5" type="stmt"/>
      <line num="84" count="3" type="stmt"/>
    </file>
  </project>
</coverage>
