<?xml version="1.0" encoding="UTF-8"?>
<coverage generated="1737072955508" clover="3.2.0">
  <project timestamp="1737072955509" name="All files">
    <metrics statements="12" coveredstatements="12" conditionals="5" coveredconditionals="5" methods="9" coveredmethods="9" elements="26" coveredelements="26" complexity="0" loc="12" ncloc="12" packages="1" files="1" classes="1"/>
    <file name="index.js" path="/home/yanch/hexlet-trees/src/index.js">
      <metrics statements="12" coveredstatements="12" conditionals="5" coveredconditionals="5" methods="9" coveredmethods="9"/>
      <line num="3" count="2" type="stmt"/>
      <line num="4" count="5" type="cond" truecount="2" falsecount="0"/>
      <line num="5" count="1" type="stmt"/>
      <line num="6" count="15" type="stmt"/>
      <line num="9" count="36" type="cond" truecount="2" falsecount="0"/>
      <line num="10" count="26" type="cond" truecount="1" falsecount="0"/>
      <line num="11" count="5" type="stmt"/>
      <line num="12" count="3" type="stmt"/>
      <line num="13" count="5" type="stmt"/>
      <line num="14" count="3" type="stmt"/>
      <line num="15" count="3" type="stmt"/>
      <line num="17" count="2" type="stmt"/>
    </file>
  </project>
</coverage>
