{
  "/home/yanch/hexlet-trees/src/index.js": {
    "path": "/home/yanch/hexlet-trees/src/index.js",
    "statementMap": {
      "0": {
        "start": { "line": 3, "column": 32 },
        "end": { "line": 7, "column": 1 }
      },
      "1": {
        "start": { "line": 4, "column": 4 },
        "end": { "line": 5, "column": 69 }
      },
      "2": {
        "start": { "line": 5, "column": 8 },
        "end": { "line": 5, "column": 69 }
      },
      "3": {
        "start": { "line": 6, "column": 4 },
        "end": { "line": 6, "column": 58 }
      },
      "4": {
        "start": { "line": 6, "column": 31 },
        "end": { "line": 6, "column": 48 }
      },
      "5": {
        "start": { "line": 9, "column": 21 },
        "end": { "line": 9, "column": 103 }
      },
      "6": {
        "start": { "line": 9, "column": 58 },
        "end": { "line": 9, "column": 102 }
      },
      "7": {
        "start": { "line": 10, "column": 22 },
        "end": { "line": 10, "column": 73 }
      },
      "8": {
        "start": { "line": 10, "column": 44 },
        "end": { "line": 10, "column": 72 }
      },
      "9": {
        "start": { "line": 11, "column": 23 },
        "end": { "line": 11, "column": 42 }
      },
      "10": {
        "start": { "line": 11, "column": 33 },
        "end": { "line": 11, "column": 42 }
      },
      "11": {
        "start": { "line": 12, "column": 27 },
        "end": { "line": 12, "column": 50 }
      },
      "12": {
        "start": { "line": 12, "column": 37 },
        "end": { "line": 12, "column": 50 }
      },
      "13": {
        "start": { "line": 13, "column": 23 },
        "end": { "line": 13, "column": 42 }
      },
      "14": {
        "start": { "line": 13, "column": 33 },
        "end": { "line": 13, "column": 42 }
      },
      "15": {
        "start": { "line": 14, "column": 27 },
        "end": { "line": 14, "column": 62 }
      },
      "16": {
        "start": { "line": 14, "column": 37 },
        "end": { "line": 14, "column": 62 }
      },
      "17": {
        "start": { "line": 15, "column": 22 },
        "end": { "line": 15, "column": 52 }
      },
      "18": {
        "start": { "line": 15, "column": 32 },
        "end": { "line": 15, "column": 52 }
      },
      "19": {
        "start": { "line": 17, "column": 13 },
        "end": { "line": 32, "column": 20 }
      }
    },
    "fnMap": {
      "0": {
        "name": "(anonymous_0)",
        "decl": {
          "start": { "line": 3, "column": 32 },
          "end": { "line": 3, "column": 33 }
        },
        "loc": {
          "start": { "line": 3, "column": 42 },
          "end": { "line": 7, "column": 1 }
        },
        "line": 3
      },
      "1": {
        "name": "(anonymous_1)",
        "decl": {
          "start": { "line": 6, "column": 23 },
          "end": { "line": 6, "column": 24 }
        },
        "loc": {
          "start": { "line": 6, "column": 31 },
          "end": { "line": 6, "column": 48 }
        },
        "line": 6
      },
      "2": {
        "name": "(anonymous_2)",
        "decl": {
          "start": { "line": 9, "column": 21 },
          "end": { "line": 9, "column": 22 }
        },
        "loc": {
          "start": { "line": 9, "column": 58 },
          "end": { "line": 9, "column": 102 }
        },
        "line": 9
      },
      "3": {
        "name": "(anonymous_3)",
        "decl": {
          "start": { "line": 10, "column": 22 },
          "end": { "line": 10, "column": 23 }
        },
        "loc": {
          "start": { "line": 10, "column": 44 },
          "end": { "line": 10, "column": 72 }
        },
        "line": 10
      },
      "4": {
        "name": "(anonymous_4)",
        "decl": {
          "start": { "line": 11, "column": 23 },
          "end": { "line": 11, "column": 24 }
        },
        "loc": {
          "start": { "line": 11, "column": 33 },
          "end": { "line": 11, "column": 42 }
        },
        "line": 11
      },
      "5": {
        "name": "(anonymous_5)",
        "decl": {
          "start": { "line": 12, "column": 27 },
          "end": { "line": 12, "column": 28 }
        },
        "loc": {
          "start": { "line": 12, "column": 37 },
          "end": { "line": 12, "column": 50 }
        },
        "line": 12
      },
      "6": {
        "name": "(anonymous_6)",
        "decl": {
          "start": { "line": 13, "column": 23 },
          "end": { "line": 13, "column": 24 }
        },
        "loc": {
          "start": { "line": 13, "column": 33 },
          "end": { "line": 13, "column": 42 }
        },
        "line": 13
      },
      "7": {
        "name": "(anonymous_7)",
        "decl": {
          "start": { "line": 14, "column": 27 },
          "end": { "line": 14, "column": 28 }
        },
        "loc": {
          "start": { "line": 14, "column": 37 },
          "end": { "line": 14, "column": 62 }
        },
        "line": 14
      },
      "8": {
        "name": "(anonymous_8)",
        "decl": {
          "start": { "line": 15, "column": 22 },
          "end": { "line": 15, "column": 23 }
        },
        "loc": {
          "start": { "line": 15, "column": 32 },
          "end": { "line": 15, "column": 52 }
        },
        "line": 15
      }
    },
    "branchMap": {
      "0": {
        "loc": {
          "start": { "line": 4, "column": 4 },
          "end": { "line": 5, "column": 69 }
        },
        "type": "if",
        "locations": [
          {
            "start": { "line": 4, "column": 4 },
            "end": { "line": 5, "column": 69 }
          },
          { "start": {}, "end": {} }
        ],
        "line": 4
      },
      "1": {
        "loc": {
          "start": { "line": 9, "column": 28 },
          "end": { "line": 9, "column": 41 }
        },
        "type": "default-arg",
        "locations": [
          {
            "start": { "line": 9, "column": 39 },
            "end": { "line": 9, "column": 41 }
          }
        ],
        "line": 9
      },
      "2": {
        "loc": {
          "start": { "line": 9, "column": 43 },
          "end": { "line": 9, "column": 52 }
        },
        "type": "default-arg",
        "locations": [
          {
            "start": { "line": 9, "column": 50 },
            "end": { "line": 9, "column": 52 }
          }
        ],
        "line": 9
      },
      "3": {
        "loc": {
          "start": { "line": 10, "column": 29 },
          "end": { "line": 10, "column": 38 }
        },
        "type": "default-arg",
        "locations": [
          {
            "start": { "line": 10, "column": 36 },
            "end": { "line": 10, "column": 38 }
          }
        ],
        "line": 10
      }
    },
    "s": {
      "0": 2,
      "1": 5,
      "2": 1,
      "3": 4,
      "4": 15,
      "5": 2,
      "6": 36,
      "7": 2,
      "8": 26,
      "9": 2,
      "10": 5,
      "11": 2,
      "12": 3,
      "13": 2,
      "14": 5,
      "15": 2,
      "16": 3,
      "17": 2,
      "18": 3,
      "19": 2
    },
    "f": {
      "0": 5,
      "1": 15,
      "2": 36,
      "3": 26,
      "4": 5,
      "5": 3,
      "6": 5,
      "7": 3,
      "8": 3
    },
    "b": { "0": [1, 4], "1": [13], "2": [19], "3": [8] },
    "inputSourceMap": null,
    "_coverageSchema": "1a1c01bbd47fc00a2c39e90264f33305004495a9",
    "hash": "f544548eb89712eb5371beba3abd25221e2ea4e6"
  }
}
