{
  "/home/yanch/hexlet-trees/src/index.js": {
    "path": "/home/yanch/hexlet-trees/src/index.js",
    "statementMap": {
      "0": {
        "start": { "line": 3, "column": 32 },
        "end": { "line": 6, "column": 1 }
      },
      "1": {
        "start": { "line": 4, "column": 4 },
        "end": { "line": 4, "column": 91 }
      },
      "2": {
        "start": { "line": 4, "column": 30 },
        "end": { "line": 4, "column": 91 }
      },
      "3": {
        "start": { "line": 5, "column": 4 },
        "end": { "line": 5, "column": 57 }
      },
      "4": {
        "start": { "line": 5, "column": 31 },
        "end": { "line": 5, "column": 48 }
      }
    },
    "fnMap": {
      "0": {
        "name": "(anonymous_0)",
        "decl": {
          "start": { "line": 3, "column": 32 },
          "end": { "line": 3, "column": 33 }
        },
        "loc": {
          "start": { "line": 3, "column": 42 },
          "end": { "line": 6, "column": 1 }
        },
        "line": 3
      },
      "1": {
        "name": "(anonymous_1)",
        "decl": {
          "start": { "line": 5, "column": 23 },
          "end": { "line": 5, "column": 24 }
        },
        "loc": {
          "start": { "line": 5, "column": 31 },
          "end": { "line": 5, "column": 48 }
        },
        "line": 5
      }
    },
    "branchMap": {
      "0": {
        "loc": {
          "start": { "line": 4, "column": 4 },
          "end": { "line": 4, "column": 91 }
        },
        "type": "if",
        "locations": [
          {
            "start": { "line": 4, "column": 4 },
            "end": { "line": 4, "column": 91 }
          },
          { "start": {}, "end": {} }
        ],
        "line": 4
      }
    },
    "s": { "0": 1, "1": 5, "2": 1, "3": 4, "4": 15 },
    "f": { "0": 5, "1": 15 },
    "b": { "0": [1, 4] },
    "inputSourceMap": null,
    "_coverageSchema": "1a1c01bbd47fc00a2c39e90264f33305004495a9",
    "hash": "9f338265c31ec417df9e35fa70e331e558d9d2e3"
  }
}
