TN:
SF:src/index.js
FN:5,(anonymous_0)
FN:8,(anonymous_1)
FN:11,(anonymous_2)
FN:19,(anonymous_3)
FN:26,(anonymous_4)
FN:27,(anonymous_5)
FN:28,(anonymous_6)
FN:29,(anonymous_7)
FN:30,(anonymous_8)
FN:68,(anonymous_9)
FN:72,(anonymous_10)
FNF:11
FNH:11
FNDA:5,(anonymous_0)
FNDA:15,(anonymous_1)
FNDA:71,(anonymous_2)
FNDA:84,(anonymous_3)
FNDA:8,(anonymous_4)
FNDA:7,(anonymous_5)
FNDA:24,(anonymous_6)
FNDA:7,(anonymous_7)
FNDA:15,(anonymous_8)
FNDA:7,(anonymous_9)
FNDA:13,(anonymous_10)
DA:5,3
DA:6,5
DA:7,1
DA:8,15
DA:11,3
DA:12,71
DA:13,8
DA:14,63
DA:15,62
DA:16,2
DA:17,60
DA:19,3
DA:20,84
DA:21,5
DA:22,79
DA:23,2
DA:24,77
DA:26,8
DA:27,7
DA:28,24
DA:29,7
DA:30,15
DA:31,3
DA:49,3
DA:56,3
DA:68,3
DA:69,7
DA:70,2
DA:71,5
DA:72,5
DA:73,13
DA:74,8
DA:75,8
DA:78,5
DA:79,2
DA:81,5
DA:84,3
LF:37
LH:37
BRDA:6,0,0,1
BRDA:6,0,1,4
BRDA:11,1,0,23
BRDA:11,2,0,45
BRDA:12,3,0,8
BRDA:12,3,1,63
BRDA:12,4,0,71
BRDA:12,4,1,64
BRDA:14,5,0,1
BRDA:14,5,1,62
BRDA:15,6,0,2
BRDA:15,6,1,60
BRDA:15,7,0,62
BRDA:15,7,1,61
BRDA:19,8,0,14
BRDA:20,9,0,5
BRDA:20,9,1,79
BRDA:20,10,0,84
BRDA:20,10,1,80
BRDA:22,11,0,2
BRDA:22,11,1,77
BRDA:22,12,0,79
BRDA:22,12,1,78
BRDA:69,13,0,2
BRDA:69,13,1,5
BRDA:69,14,0,7
BRDA:69,14,1,5
BRDA:73,15,0,8
BRDA:73,15,1,5
BRDA:73,16,0,13
BRDA:73,16,1,10
BRDA:78,17,0,3
BRDA:78,17,1,2
BRF:33
BRH:33
end_of_record
