TN:
SF:src/index.js
FN:3,(anonymous_0)
FN:6,(anonymous_1)
FN:9,(anonymous_2)
FN:10,(anonymous_3)
FN:11,(anonymous_4)
FN:12,(anonymous_5)
FN:13,(anonymous_6)
FN:14,(anonymous_7)
FN:15,(anonymous_8)
FNF:9
FNH:9
FNDA:5,(anonymous_0)
FNDA:15,(anonymous_1)
FNDA:36,(anonymous_2)
FNDA:26,(anonymous_3)
FNDA:5,(anonymous_4)
FNDA:3,(anonymous_5)
FNDA:5,(anonymous_6)
FNDA:3,(anonymous_7)
FNDA:3,(anonymous_8)
DA:3,2
DA:4,5
DA:5,1
DA:6,15
DA:9,36
DA:10,26
DA:11,5
DA:12,3
DA:13,5
DA:14,3
DA:15,3
DA:17,2
LF:12
LH:12
BRDA:4,0,0,1
BRDA:4,0,1,4
BRDA:9,1,0,13
BRDA:9,2,0,19
BRDA:10,3,0,8
BRF:5
BRH:5
end_of_record
